<?xml version="1.0" encoding="UTF-8"?>
<!-- Generated by org.testng.reporters.JUnitReportReporter -->
<testsuite hostname="suharika" failures="0" tests="1" name="seleniumtest.testng" time="14.319" errors="0" timestamp="2025-05-05T22:40:54 IST" skipped="0">
  <testcase classname="seleniumtest.testng" name="text" time="14.319"/>
  <system-out/>
</testsuite> <!-- seleniumtest.testng -->
