<?xml version="1.0" encoding="UTF-8"?>
<!-- Generated by org.testng.reporters.JUnitReportReporter -->
<testsuite hostname="suharika" failures="0" tests="1" name="coreJavaConcepts.alerts" time="8.438" errors="0" timestamp="2025-06-07T07:07:36 IST" skipped="0">
  <testcase classname="coreJavaConcepts.alerts" name="test" time="8.438"/>
  <system-out/>
</testsuite> <!-- coreJavaConcepts.alerts -->
