<?xml version="1.0" encoding="UTF-8"?>
<!-- Generated by org.testng.reporters.JUnitReportReporter -->
<testsuite hostname="suharika" failures="0" tests="1" name="seleniumtest.navigation" time="5.820" errors="0" timestamp="2025-05-05T22:27:38 IST" skipped="0">
  <testcase classname="seleniumtest.navigation" name="testnav" time="5.820"/>
  <system-out/>
</testsuite> <!-- seleniumtest.navigation -->
