<?xml version="1.0" encoding="UTF-8"?>
<!-- Generated by org.testng.reporters.JUnitReportReporter -->
<testsuite hostname="suharika" failures="0" tests="1" name="seleniumtest.NewTest" time="0.011" errors="0" timestamp="2025-05-05T07:27:52 IST" skipped="0">
  <testcase classname="seleniumtest.NewTest" name="f" time="0.011"/>
  <system-out/>
</testsuite> <!-- seleniumtest.NewTest -->
