<?xml version="1.0" encoding="UTF-8"?>
<!-- Generated by org.testng.reporters.JUnitReportReporter -->
<testsuite hostname="suharika" failures="0" tests="4" name="seleniumtest.usingannotations" time="10.876" errors="0" timestamp="2025-05-09T16:41:04 IST" skipped="1">
  <testcase classname="seleniumtest.usingannotations" name="test1" time="3.418"/>
  <system-out/>
  <testcase classname="seleniumtest.usingannotations" name="login" time="7.256"/>
  <system-out/>
  <testcase classname="seleniumtest.usingannotations" name="test3" time="0.202"/>
  <system-out/>
  <testcase classname="seleniumtest.usingannotations" name="test2">
    <skipped/>
  </testcase> <!-- test2 -->
  <system-out/>
</testsuite> <!-- seleniumtest.usingannotations -->
